<?xml version="1.0" encoding="UTF-8"?>
<!-- Generated by org.testng.reporters.JUnitReportReporter -->
<testsuite hostname="QT-INBG-LT0597" failures="0" tests="1" name="intro.Signup" time="21.089" errors="0" timestamp="2022-09-19T11:16:12 IST" skipped="0">
  <testcase classname="intro.Signup" name="sign" time="21.089"/>
  <system-out/>
</testsuite> <!-- intro.Signup -->
