<?xml version="1.0" encoding="UTF-8"?>
<!-- Generated by org.testng.reporters.JUnitReportReporter -->
<testsuite hostname="QT-INBG-LT0597" failures="0" tests="4" name="intro.signin" time="49.073" errors="0" timestamp="2022-09-19T09:18:53 IST" skipped="0">
  <testcase classname="intro.signin" name="sign" time="12.557"/>
  <system-out/>
  <testcase classname="intro.signin" name="sign" time="15.478"/>
  <system-out/>
  <testcase classname="intro.signin" name="sign" time="10.639"/>
  <system-out/>
  <testcase classname="intro.signin" name="sign" time="10.399"/>
  <system-out/>
</testsuite> <!-- intro.signin -->
